This is XeTeX, Version 3.141592653-2.6-0.999995 (TeX Live 2023) (preloaded format=xelatex 2023.7.31)  6 OCT 2024 16:45
entering extended mode
 restricted \write18 enabled.
 file:line:error style messages enabled.
 %&-line parsing enabled.
**"/Users/tatecarson/Documents/Artist Docs/CV/Carson.CV"
(/Users/tatecarson/Documents/Artist Docs/CV/Carson.CV.tex
LaTeX2e <2022-11-01> patch level 1
L3 programming layer <2023-02-22> (/usr/local/texlive/2023/texmf-dist/tex/latex/base/article.cls
Document Class: article 2022/07/02 v1.4n Standard LaTeX document class
(/usr/local/texlive/2023/texmf-dist/tex/latex/base/size12.clo
File: size12.clo 2022/07/02 v1.4n Standard LaTeX file (size option)
)
\c@part=\count181
\c@section=\count182
\c@subsection=\count183
\c@subsubsection=\count184
\c@paragraph=\count185
\c@subparagraph=\count186
\c@figure=\count187
\c@table=\count188
\abovecaptionskip=\skip48
\belowcaptionskip=\skip49
\bibindent=\dimen140
) (/usr/local/texlive/2023/texmf-dist/tex/latex/fontspec/fontspec.sty (/usr/local/texlive/2023/texmf-dist/tex/latex/l3packages/xparse/xparse.sty (/usr/local/texlive/2023/texmf-dist/tex/latex/l3kernel/expl3.sty
Package: expl3 2023-02-22 L3 programming layer (loader) 
 (/usr/local/texlive/2023/texmf-dist/tex/latex/l3backend/l3backend-xetex.def
File: l3backend-xetex.def 2023-01-16 L3 backend support: XeTeX
\g__graphics_track_int=\count189
\l__pdf_internal_box=\box51
\g__pdf_backend_object_int=\count190
\g__pdf_backend_annotation_int=\count191
\g__pdf_backend_link_int=\count192
))
Package: xparse 2023-02-02 L3 Experimental document command parser
)
Package: fontspec 2022/01/15 v2.8a Font selection for XeLaTeX and LuaLaTeX
 (/usr/local/texlive/2023/texmf-dist/tex/latex/fontspec/fontspec-xetex.sty
Package: fontspec-xetex 2022/01/15 v2.8a Font selection for XeLaTeX and LuaLaTeX
\l__fontspec_script_int=\count193
\l__fontspec_language_int=\count194
\l__fontspec_strnum_int=\count195
\l__fontspec_tmp_int=\count196
\l__fontspec_tmpa_int=\count197
\l__fontspec_tmpb_int=\count198
\l__fontspec_tmpc_int=\count199
\l__fontspec_em_int=\count266
\l__fontspec_emdef_int=\count267
\l__fontspec_strong_int=\count268
\l__fontspec_strongdef_int=\count269
\l__fontspec_tmpa_dim=\dimen141
\l__fontspec_tmpb_dim=\dimen142
\l__fontspec_tmpc_dim=\dimen143
 (/usr/local/texlive/2023/texmf-dist/tex/latex/base/fontenc.sty
Package: fontenc 2021/04/29 v2.0v Standard LaTeX package
) (/usr/local/texlive/2023/texmf-dist/tex/latex/fontspec/fontspec.cfg))) (/usr/local/texlive/2023/texmf-dist/tex/latex/geometry/geometry.sty
Package: geometry 2020/01/02 v5.9 Page Geometry
 (/usr/local/texlive/2023/texmf-dist/tex/latex/graphics/keyval.sty
Package: keyval 2022/05/29 v1.15 key=value parser (DPC)
\KV@toks@=\toks16
) (/usr/local/texlive/2023/texmf-dist/tex/generic/iftex/ifvtex.sty
Package: ifvtex 2019/10/25 v1.7 ifvtex legacy package. Use iftex instead.
 (/usr/local/texlive/2023/texmf-dist/tex/generic/iftex/iftex.sty
Package: iftex 2022/02/03 v1.0f TeX engine tests
))
\Gm@cnth=\count270
\Gm@cntv=\count271
\c@Gm@tempcnt=\count272
\Gm@bindingoffset=\dimen144
\Gm@wd@mp=\dimen145
\Gm@odd@mp=\dimen146
\Gm@even@mp=\dimen147
\Gm@layoutwidth=\dimen148
\Gm@layoutheight=\dimen149
\Gm@layouthoffset=\dimen150
\Gm@layoutvoffset=\dimen151
\Gm@dimlist=\toks17
) (/usr/local/texlive/2023/texmf-dist/tex/latex/xcolor/xcolor.sty
Package: xcolor 2022/06/12 v2.14 LaTeX color extensions (UK)
 (/usr/local/texlive/2023/texmf-dist/tex/latex/graphics-cfg/color.cfg
File: color.cfg 2016/01/02 v1.6 sample color configuration
)
Package xcolor Info: Package option `usenames' ignored on input line 218.
Package xcolor Info: Driver file: xetex.def on input line 227.
 (/usr/local/texlive/2023/texmf-dist/tex/latex/graphics-def/xetex.def
File: xetex.def 2022/09/22 v5.0n Graphics/color driver for xetex
) (/usr/local/texlive/2023/texmf-dist/tex/latex/graphics/mathcolor.ltx)
Package xcolor Info: Model `cmy' substituted by `cmy0' on input line 1353.
Package xcolor Info: Model `RGB' extended on input line 1369.
Package xcolor Info: Model `HTML' substituted by `rgb' on input line 1371.
Package xcolor Info: Model `Hsb' substituted by `hsb' on input line 1372.
Package xcolor Info: Model `tHsb' substituted by `hsb' on input line 1373.
Package xcolor Info: Model `HSB' substituted by `hsb' on input line 1374.
Package xcolor Info: Model `Gray' substituted by `gray' on input line 1375.
Package xcolor Info: Model `wave' substituted by `hsb' on input line 1376.
 (/usr/local/texlive/2023/texmf-dist/tex/latex/graphics/dvipsnam.def
File: dvipsnam.def 2016/06/17 v3.0m Driver-dependent file (DPC,SPQR)
)) (/usr/local/texlive/2023/texmf-dist/tex/xelatex/xunicode/xunicode.sty
File: xunicode.sty 2011/09/09 v0.981 provides access to latin accents and many other characters in Unicode lower plane
 (/usr/local/texlive/2023/texmf-dist/tex/latex/tipa/t3enc.def
File: t3enc.def 2001/12/31 T3 encoding
)
\tipaTiiicode=\count273
\tipasavetokens=\toks18
\tipachecktokens=\toks19
 (/usr/local/texlive/2023/texmf-dist/tex/latex/graphics/graphicx.sty
Package: graphicx 2021/09/16 v1.2d Enhanced LaTeX Graphics (DPC,SPQR)
 (/usr/local/texlive/2023/texmf-dist/tex/latex/graphics/graphics.sty
Package: graphics 2022/03/10 v1.4e Standard LaTeX Graphics (DPC,SPQR)
 (/usr/local/texlive/2023/texmf-dist/tex/latex/graphics/trig.sty
Package: trig 2021/08/11 v1.11 sin cos tan (DPC)
) (/usr/local/texlive/2023/texmf-dist/tex/latex/graphics-cfg/graphics.cfg
File: graphics.cfg 2016/06/04 v1.11 sample graphics configuration
)
Package graphics Info: Driver file: xetex.def on input line 107.
)
\Gin@req@height=\dimen152
\Gin@req@width=\dimen153
)) (/usr/local/texlive/2023/texmf-dist/tex/xelatex/xltxtra/xltxtra.sty
Package: xltxtra 2018/12/31 v0.7 Improvements for the "XeLaTeX" format
 (/usr/local/texlive/2023/texmf-dist/tex/generic/iftex/ifluatex.sty
Package: ifluatex 2019/10/25 v1.5 ifluatex legacy package. Use iftex instead.
) (/usr/local/texlive/2023/texmf-dist/tex/generic/iftex/ifxetex.sty
Package: ifxetex 2019/10/25 v0.7 ifxetex legacy package. Use iftex instead.
) (/usr/local/texlive/2023/texmf-dist/tex/latex/realscripts/realscripts.sty
Package: realscripts 2016/02/13 v0.3d Access OpenType subscripts and superscripts
\subsupersep=\dimen154
) (/usr/local/texlive/2023/texmf-dist/tex/latex/metalogo/metalogo.sty
Package: metalogo 2010/05/29 v0.12 Extended TeX logo macros
\xl@everylogo=\toks20
\xl@@everylogo=\toks21
LaTeX Info: Redefining \TeX on input line 193.
LaTeX Info: Redefining \LaTeX on input line 202.
LaTeX Info: Redefining \LaTeXe on input line 219.
)
\l__xetex_show_hyphens_wrapping_box=\box52
\l__xetex_show_hyphens_temp_box=\box53
\l__xetex_show_hyphens_final_box=\box54
\g__xetex_show_hyphens_word_box=\box55
)

Package fontspec Info: Font family 'LinLibertine_R.otf(0)' created for font
(fontspec)             'LinLibertine_R.otf' with options
(fontspec)             [Mapping=tex-text,Ligatures=TeX,Ligatures={Common},Numbers={OldStyle},Variant=01,BoldFont=LinLibertine_RB.otf,ItalicFont=LinLibertine_RI.otf,BoldItalicFont=LinLibertine_RBI.otf].
(fontspec)              
(fontspec)              This font family consists of the following NFSS
(fontspec)             series/shapes:
(fontspec)              
(fontspec)             - 'normal' (m/n) with NFSS spec.:
(fontspec)             <->"[LinLibertine_R.otf]/OT:script=latn;language=dflt;+liga;+onum;+ss01;mapping=tex-text;"
(fontspec)             - 'small caps'  (m/sc) with NFSS spec.:
(fontspec)             <->"[LinLibertine_R.otf]/OT:script=latn;language=dflt;+liga;+onum;+ss01;+smcp;mapping=tex-text;"
(fontspec)             - 'bold' (b/n) with NFSS spec.:
(fontspec)             <->"[LinLibertine_RB.otf]/OT:script=latn;language=dflt;+liga;+onum;+ss01;mapping=tex-text;"
(fontspec)             - 'bold small caps'  (b/sc) with NFSS spec.:
(fontspec)             <->"[LinLibertine_RB.otf]/OT:script=latn;language=dflt;+liga;+onum;+ss01;+smcp;mapping=tex-text;"
(fontspec)             - 'italic' (m/it) with NFSS spec.:
(fontspec)             <->"[LinLibertine_RI.otf]/OT:script=latn;language=dflt;+liga;+onum;+ss01;mapping=tex-text;"
(fontspec)             - 'italic small caps'  (m/scit) with NFSS spec.:
(fontspec)             <->"[LinLibertine_RI.otf]/OT:script=latn;language=dflt;+liga;+onum;+ss01;+smcp;mapping=tex-text;"
(fontspec)             - 'bold italic' (b/it) with NFSS spec.:
(fontspec)             <->"[LinLibertine_RBI.otf]/OT:script=latn;language=dflt;+liga;+onum;+ss01;mapping=tex-text;"
(fontspec)             - 'bold italic small caps'  (b/scit) with NFSS spec.:
(fontspec)             <->"[LinLibertine_RBI.otf]/OT:script=latn;language=dflt;+liga;+onum;+ss01;+smcp;mapping=tex-text;"


Package fontspec Info: Font family 'DejaVuSansMono.ttf(0)' created for font
(fontspec)             'DejaVuSansMono.ttf' with options
(fontspec)             [Mapping=tex-text,WordSpace={1,0,0},HyphenChar=None,PunctuationSpace=WordSpace,Scale=0.8].
(fontspec)              
(fontspec)              This font family consists of the following NFSS
(fontspec)             series/shapes:
(fontspec)              
(fontspec)             - 'normal' (m/n) with NFSS spec.:
(fontspec)             <->s*[0.8]"[DejaVuSansMono.ttf]/OT:script=latn;language=dflt;mapping=tex-text;"
(fontspec)             - 'small caps'  (m/sc) with NFSS spec.: 
(fontspec)             and font adjustment code:
(fontspec)             \fontdimen 2\font =1\fontdimen 2\font \fontdimen 3\font
(fontspec)             =0\fontdimen 3\font \fontdimen 4\font =0\fontdimen
(fontspec)             4\font \fontdimen 7\font =0\fontdimen 2\font
(fontspec)             \tex_hyphenchar:D \font =-1\scan_stop: 

 (/usr/local/texlive/2023/texmf-dist/tex/latex/marginnote/marginnote.sty
Package: marginnote 2018/08/09 v1.4b non floating margin notes for LaTeX
\c@mn@abspage=\count274
) (/usr/local/texlive/2023/texmf-dist/tex/latex/sectsty/sectsty.sty
Package: sectsty 2002/02/25 v2.0.2 Commands to change all sectional heading styles


LaTeX Warning: Command \underbar  has changed.
               Check if current package is valid.


LaTeX Warning: Command \underline  has changed.
               Check if current package is valid.

) (/usr/local/texlive/2023/texmf-dist/tex/generic/ulem/ulem.sty
\UL@box=\box56
\UL@hyphenbox=\box57
\UL@skip=\skip50
\UL@hook=\toks22
\UL@height=\dimen155
\UL@pe=\count275
\UL@pixel=\dimen156
\ULC@box=\box58
Package: ulem 2019/11/18
\ULdepth=\dimen157
) (/usr/local/texlive/2023/texmf-dist/tex/latex/hyperref/hyperref.sty
Package: hyperref 2023-02-07 v7.00v Hypertext links for LaTeX
 (/usr/local/texlive/2023/texmf-dist/tex/generic/ltxcmds/ltxcmds.sty
Package: ltxcmds 2020-05-10 v1.25 LaTeX kernel commands for general use (HO)
) (/usr/local/texlive/2023/texmf-dist/tex/generic/pdftexcmds/pdftexcmds.sty
Package: pdftexcmds 2020-06-27 v0.33 Utility functions of pdfTeX for LuaTeX (HO)
 (/usr/local/texlive/2023/texmf-dist/tex/generic/infwarerr/infwarerr.sty
Package: infwarerr 2019/12/03 v1.5 Providing info/warning/error messages (HO)
)
Package pdftexcmds Info: \pdf@primitive is available.
Package pdftexcmds Info: \pdf@ifprimitive is available.
Package pdftexcmds Info: \pdfdraftmode not found.
) (/usr/local/texlive/2023/texmf-dist/tex/latex/kvsetkeys/kvsetkeys.sty
Package: kvsetkeys 2022-10-05 v1.19 Key value parser (HO)
) (/usr/local/texlive/2023/texmf-dist/tex/generic/kvdefinekeys/kvdefinekeys.sty
Package: kvdefinekeys 2019-12-19 v1.6 Define keys (HO)
) (/usr/local/texlive/2023/texmf-dist/tex/generic/pdfescape/pdfescape.sty
Package: pdfescape 2019/12/09 v1.15 Implements pdfTeX's escape features (HO)
) (/usr/local/texlive/2023/texmf-dist/tex/latex/hycolor/hycolor.sty
Package: hycolor 2020-01-27 v1.10 Color options for hyperref/bookmark (HO)
) (/usr/local/texlive/2023/texmf-dist/tex/latex/letltxmacro/letltxmacro.sty
Package: letltxmacro 2019/12/03 v1.6 Let assignment for LaTeX macros (HO)
) (/usr/local/texlive/2023/texmf-dist/tex/latex/auxhook/auxhook.sty
Package: auxhook 2019-12-17 v1.6 Hooks for auxiliary files (HO)
) (/usr/local/texlive/2023/texmf-dist/tex/latex/hyperref/nameref.sty
Package: nameref 2022-05-17 v2.50 Cross-referencing by name of section
 (/usr/local/texlive/2023/texmf-dist/tex/latex/refcount/refcount.sty
Package: refcount 2019/12/15 v3.6 Data extraction from label references (HO)
) (/usr/local/texlive/2023/texmf-dist/tex/generic/gettitlestring/gettitlestring.sty
Package: gettitlestring 2019/12/15 v1.6 Cleanup title references (HO)
 (/usr/local/texlive/2023/texmf-dist/tex/latex/kvoptions/kvoptions.sty
Package: kvoptions 2022-06-15 v3.15 Key value format for package options (HO)
))
\c@section@level=\count276
)
\@linkdim=\dimen158
\Hy@linkcounter=\count277
\Hy@pagecounter=\count278
 (/usr/local/texlive/2023/texmf-dist/tex/latex/hyperref/pd1enc.def
File: pd1enc.def 2023-02-07 v7.00v Hyperref: PDFDocEncoding definition (HO)
) (/usr/local/texlive/2023/texmf-dist/tex/generic/intcalc/intcalc.sty
Package: intcalc 2019/12/15 v1.3 Expandable calculations with integers (HO)
) (/usr/local/texlive/2023/texmf-dist/tex/generic/etexcmds/etexcmds.sty
Package: etexcmds 2019/12/15 v1.7 Avoid name clashes with e-TeX commands (HO)
)
\Hy@SavedSpaceFactor=\count279
 (/usr/local/texlive/2023/texmf-dist/tex/latex/hyperref/puenc.def
File: puenc.def 2023-02-07 v7.00v Hyperref: PDF Unicode definition (HO)
 (/usr/local/texlive/2023/texmf-dist/tex/latex/hyperref/puenc-greekbasic.def
File: puenc-greekbasic.def 2023-02-07 v7.00v Hyperref: PDF Unicode definition (greek block) (HO)
))
Package hyperref Info: Option `bookmarks' set `true' on input line 4060.
Package hyperref Info: Option `colorlinks' set `true' on input line 4060.
Package hyperref Info: Option `breaklinks' set `true' on input line 4060.
Package hyperref Info: Hyper figures OFF on input line 4177.
Package hyperref Info: Link nesting OFF on input line 4182.
Package hyperref Info: Hyper index ON on input line 4185.
Package hyperref Info: Plain pages OFF on input line 4192.
Package hyperref Info: Backreferencing OFF on input line 4197.
Package hyperref Info: Implicit mode ON; LaTeX internals redefined.
Package hyperref Info: Bookmarks ON on input line 4425.
\c@Hy@tempcnt=\count280
 (/usr/local/texlive/2023/texmf-dist/tex/latex/url/url.sty
\Urlmuskip=\muskip16
Package: url 2013/09/16  ver 3.4  Verb mode for urls, etc.
)
LaTeX Info: Redefining \url on input line 4763.
\XeTeXLinkMargin=\dimen159
 (/usr/local/texlive/2023/texmf-dist/tex/generic/bitset/bitset.sty
Package: bitset 2019/12/09 v1.3 Handle bit-vector datatype (HO)
 (/usr/local/texlive/2023/texmf-dist/tex/generic/bigintcalc/bigintcalc.sty
Package: bigintcalc 2019/12/15 v1.5 Expandable calculations on big integers (HO)
))
\Fld@menulength=\count281
\Field@Width=\dimen160
\Fld@charsize=\dimen161
Package hyperref Info: Hyper figures OFF on input line 6042.
Package hyperref Info: Link nesting OFF on input line 6047.
Package hyperref Info: Hyper index ON on input line 6050.
Package hyperref Info: backreferencing OFF on input line 6057.
Package hyperref Info: Link coloring ON on input line 6060.
Package hyperref Info: Link coloring with OCG OFF on input line 6067.
Package hyperref Info: PDF/A mode OFF on input line 6072.
 (/usr/local/texlive/2023/texmf-dist/tex/latex/base/atbegshi-ltx.sty
Package: atbegshi-ltx 2021/01/10 v1.0c Emulation of the original atbegshi
package with kernel methods
)
\Hy@abspage=\count282
\c@Item=\count283
\c@Hfootnote=\count284
)
Package hyperref Info: Driver (autodetected): hxetex.
 (/usr/local/texlive/2023/texmf-dist/tex/latex/hyperref/hxetex.def
File: hxetex.def 2023-02-07 v7.00v Hyperref driver for XeTeX
 (/usr/local/texlive/2023/texmf-dist/tex/generic/stringenc/stringenc.sty
Package: stringenc 2019/11/29 v1.12 Convert strings between diff. encodings (HO)
)
\pdfm@box=\box59
\c@Hy@AnnotLevel=\count285
\HyField@AnnotCount=\count286
\Fld@listcount=\count287
\c@bookmark@seq@number=\count288
 (/usr/local/texlive/2023/texmf-dist/tex/latex/rerunfilecheck/rerunfilecheck.sty
Package: rerunfilecheck 2022-07-10 v1.10 Rerun checks for auxiliary files (HO)
 (/usr/local/texlive/2023/texmf-dist/tex/latex/base/atveryend-ltx.sty
Package: atveryend-ltx 2020/08/19 v1.0a Emulation of the original atveryend package
with kernel methods
) (/usr/local/texlive/2023/texmf-dist/tex/generic/uniquecounter/uniquecounter.sty
Package: uniquecounter 2019/12/15 v1.4 Provide unlimited unique counter (HO)
)
Package uniquecounter Info: New unique counter `rerunfilecheck' on input line 285.
)
\Hy@SectionHShift=\skip51
) (/usr/local/texlive/2023/texmf-dist/tex/latex/nowidow/nowidow.sty
Package: nowidow 2011/09/20 1.0 Easily prevent widows and orphans
Package: nowidow 
) (/usr/local/texlive/2023/texmf-dist/tex/latex/lastpage/lastpage.sty
Package: lastpage 2023/03/07 v2.0a lastpage: 2.09 or 2e? (HMM)
 (/usr/local/texlive/2023/texmf-dist/tex/latex/lastpage/lastpage2e.sty
Package: lastpage2e 2023/03/07 v2.0a Decide which 2e lastpage version to use (HMM)
 (/usr/local/texlive/2023/texmf-dist/tex/latex/lastpage/lastpagemodern.sty
Package: lastpagemodern 2023-03-07 v2.0a Refers to last page's name (HMM; JPG)
) 
)) (/usr/local/texlive/2023/texmf-dist/tex/latex/fancyhdr/fancyhdr.sty
Package: fancyhdr 2022/11/09 v4.1 Extensive control of page headers and footers
\f@nch@headwidth=\skip52
\f@nch@O@elh=\skip53
\f@nch@O@erh=\skip54
\f@nch@O@olh=\skip55
\f@nch@O@orh=\skip56
\f@nch@O@elf=\skip57
\f@nch@O@erf=\skip58
\f@nch@O@olf=\skip59
\f@nch@O@orf=\skip60
) (/usr/local/texlive/2023/texmf-dist/tex/latex/microtype/microtype.sty
Package: microtype 2023/03/13 v3.1a Micro-typographical refinements (RS)
 (/usr/local/texlive/2023/texmf-dist/tex/latex/etoolbox/etoolbox.sty
Package: etoolbox 2020/10/05 v2.5k e-TeX tools for LaTeX (JAW)
\etb@tempcnta=\count289
)
\MT@toks=\toks23
\MT@tempbox=\box60
\MT@count=\count290
LaTeX Info: Redefining \noprotrusionifhmode on input line 1059.
LaTeX Info: Redefining \leftprotrusion on input line 1060.
\MT@prot@toks=\toks24
LaTeX Info: Redefining \rightprotrusion on input line 1078.
LaTeX Info: Redefining \textls on input line 1368.
\MT@outer@kern=\dimen162
LaTeX Info: Redefining \textmicrotypecontext on input line 1988.
\MT@listname@count=\count291
 (/usr/local/texlive/2023/texmf-dist/tex/latex/microtype/microtype-xetex.def
File: microtype-xetex.def 2023/03/13 v3.1a Definitions specific to xetex (RS)
LaTeX Info: Redefining \lsstyle on input line 238.
)
Package microtype Info: Loading configuration file microtype.cfg.
 (/usr/local/texlive/2023/texmf-dist/tex/latex/microtype/microtype.cfg
File: microtype.cfg 2023/03/13 v3.1a microtype main configuration file (RS)
)) (/usr/local/texlive/2023/texmf-dist/tex/latex/eurosym/eurosym.sty
Package: eurosym 1998/08/06 v1.1 European currency symbol ``Euro''
\@eurobox=\box61
) (./Carson.CV.aux)
\openout1 = `Carson.CV.aux'.

LaTeX Font Info:    Checking defaults for OML/cmm/m/it on input line 96.
LaTeX Font Info:    ... okay on input line 96.
LaTeX Font Info:    Checking defaults for OMS/cmsy/m/n on input line 96.
LaTeX Font Info:    ... okay on input line 96.
LaTeX Font Info:    Checking defaults for OT1/cmr/m/n on input line 96.
LaTeX Font Info:    ... okay on input line 96.
LaTeX Font Info:    Checking defaults for T1/cmr/m/n on input line 96.
LaTeX Font Info:    ... okay on input line 96.
LaTeX Font Info:    Checking defaults for TS1/cmr/m/n on input line 96.
LaTeX Font Info:    Trying to load font information for TS1+cmr on input line 96.
 (/usr/local/texlive/2023/texmf-dist/tex/latex/base/ts1cmr.fd
File: ts1cmr.fd 2022/07/10 v2.5l Standard LaTeX font definitions
)
LaTeX Font Info:    ... okay on input line 96.
LaTeX Font Info:    Checking defaults for TU/lmr/m/n on input line 96.
LaTeX Font Info:    ... okay on input line 96.
LaTeX Font Info:    Checking defaults for OMX/cmex/m/n on input line 96.
LaTeX Font Info:    ... okay on input line 96.
LaTeX Font Info:    Checking defaults for U/cmr/m/n on input line 96.
LaTeX Font Info:    ... okay on input line 96.
LaTeX Font Info:    Checking defaults for T3/cmr/m/n on input line 96.
LaTeX Font Info:    Trying to load font information for T3+cmr on input line 96.
 (/usr/local/texlive/2023/texmf-dist/tex/latex/tipa/t3cmr.fd
File: t3cmr.fd 2001/12/31 TIPA font definitions
)
LaTeX Font Info:    ... okay on input line 96.
LaTeX Font Info:    Checking defaults for PD1/pdf/m/n on input line 96.
LaTeX Font Info:    ... okay on input line 96.
LaTeX Font Info:    Checking defaults for PU/pdf/m/n on input line 96.
LaTeX Font Info:    ... okay on input line 96.

Package fontspec Info: Adjusting the maths setup (use [no-math] to avoid
(fontspec)             this).

\symlegacymaths=\mathgroup4
LaTeX Font Info:    Overwriting symbol font `legacymaths' in version `bold'
(Font)                  OT1/cmr/m/n --> OT1/cmr/bx/n on input line 96.
LaTeX Font Info:    Redeclaring math accent \acute on input line 96.
LaTeX Font Info:    Redeclaring math accent \grave on input line 96.
LaTeX Font Info:    Redeclaring math accent \ddot on input line 96.
LaTeX Font Info:    Redeclaring math accent \tilde on input line 96.
LaTeX Font Info:    Redeclaring math accent \bar on input line 96.
LaTeX Font Info:    Redeclaring math accent \breve on input line 96.
LaTeX Font Info:    Redeclaring math accent \check on input line 96.
LaTeX Font Info:    Redeclaring math accent \hat on input line 96.
LaTeX Font Info:    Redeclaring math accent \dot on input line 96.
LaTeX Font Info:    Redeclaring math accent \mathring on input line 96.
LaTeX Font Info:    Redeclaring math symbol \colon on input line 96.
LaTeX Font Info:    Redeclaring math symbol \Gamma on input line 96.
LaTeX Font Info:    Redeclaring math symbol \Delta on input line 96.
LaTeX Font Info:    Redeclaring math symbol \Theta on input line 96.
LaTeX Font Info:    Redeclaring math symbol \Lambda on input line 96.
LaTeX Font Info:    Redeclaring math symbol \Xi on input line 96.
LaTeX Font Info:    Redeclaring math symbol \Pi on input line 96.
LaTeX Font Info:    Redeclaring math symbol \Sigma on input line 96.
LaTeX Font Info:    Redeclaring math symbol \Upsilon on input line 96.
LaTeX Font Info:    Redeclaring math symbol \Phi on input line 96.
LaTeX Font Info:    Redeclaring math symbol \Psi on input line 96.
LaTeX Font Info:    Redeclaring math symbol \Omega on input line 96.
LaTeX Font Info:    Redeclaring math symbol \mathdollar on input line 96.
LaTeX Font Info:    Redeclaring symbol font `operators' on input line 96.
LaTeX Font Info:    Encoding `OT1' has changed to `TU' for symbol font
(Font)              `operators' in the math version `normal' on input line 96.
LaTeX Font Info:    Overwriting symbol font `operators' in version `normal'
(Font)                  OT1/cmr/m/n --> TU/LinLibertine_R.otf(0)/m/n on input line 96.
LaTeX Font Info:    Encoding `OT1' has changed to `TU' for symbol font
(Font)              `operators' in the math version `bold' on input line 96.
LaTeX Font Info:    Overwriting symbol font `operators' in version `bold'
(Font)                  OT1/cmr/bx/n --> TU/LinLibertine_R.otf(0)/m/n on input line 96.
LaTeX Font Info:    Overwriting symbol font `operators' in version `normal'
(Font)                  TU/LinLibertine_R.otf(0)/m/n --> TU/LinLibertine_R.otf(0)/m/n on input line 96.
LaTeX Font Info:    Overwriting math alphabet `\mathit' in version `normal'
(Font)                  OT1/cmr/m/it --> TU/LinLibertine_R.otf(0)/m/it on input line 96.
LaTeX Font Info:    Overwriting math alphabet `\mathbf' in version `normal'
(Font)                  OT1/cmr/bx/n --> TU/LinLibertine_R.otf(0)/b/n on input line 96.
LaTeX Font Info:    Overwriting math alphabet `\mathsf' in version `normal'
(Font)                  OT1/cmss/m/n --> TU/lmss/m/n on input line 96.
LaTeX Font Info:    Overwriting math alphabet `\mathtt' in version `normal'
(Font)                  OT1/cmtt/m/n --> TU/DejaVuSansMono.ttf(0)/m/n on input line 96.
LaTeX Font Info:    Overwriting symbol font `operators' in version `bold'
(Font)                  TU/LinLibertine_R.otf(0)/m/n --> TU/LinLibertine_R.otf(0)/b/n on input line 96.
LaTeX Font Info:    Overwriting math alphabet `\mathit' in version `bold'
(Font)                  OT1/cmr/bx/it --> TU/LinLibertine_R.otf(0)/b/it on input line 96.
LaTeX Font Info:    Overwriting math alphabet `\mathsf' in version `bold'
(Font)                  OT1/cmss/bx/n --> TU/lmss/b/n on input line 96.
LaTeX Font Info:    Overwriting math alphabet `\mathtt' in version `bold'
(Font)                  OT1/cmtt/m/n --> TU/DejaVuSansMono.ttf(0)/b/n on input line 96.

*geometry* driver: auto-detecting
*geometry* detected driver: xetex
*geometry* verbose mode - [ preamble ] result:
* driver: xetex
* paper: a4paper
* layout: <same size as paper>
* layoutoffset:(h,v)=(0.0pt,0.0pt)
* modes: 
* h-part:(L,W,R)=(100.01144pt, 397.48499pt, 100.01144pt)
* v-part:(T,H,B)=(92.30072pt, 614.295pt, 138.45113pt)
* \paperwidth=597.50787pt
* \paperheight=845.04684pt
* \textwidth=397.48499pt
* \textheight=614.295pt
* \oddsidemargin=27.74146pt
* \evensidemargin=27.74146pt
* \topmargin=-16.96927pt
* \headheight=12.0pt
* \headsep=25.0pt
* \topskip=12.0pt
* \footskip=30.0pt
* \marginparwidth=50.58878pt
* \marginparsep=8.0pt
* \columnsep=10.0pt
* \skip\footins=10.8pt plus 4.0pt minus 2.0pt
* \hoffset=0.0pt
* \voffset=0.0pt
* \mag=1000
* \@twocolumnfalse
* \@twosidefalse
* \@mparswitchfalse
* \@reversemargintrue
* (1in=72.27pt=25.4mm, 1cm=28.453pt)

Package hyperref Info: Link coloring ON on input line 96.
(./Carson.CV.out) (./Carson.CV.out)
\@outlinefile=\write3
\openout3 = `Carson.CV.out'.

LaTeX Info: Redefining \microtypecontext on input line 96.
Package microtype Info: Applying patch `item' on input line 96.
Package microtype Info: Applying patch `toc' on input line 96.
Package microtype Info: Applying patch `eqnum' on input line 96.
Package microtype Info: Applying patch `footnote' on input line 96.
Package microtype Info: Applying patch `verbatim' on input line 96.
Package microtype Info: Character protrusion enabled (level 2).
Package microtype Info: Using default protrusion set `alltext'.
Package microtype Info: No adjustment of tracking.
Package microtype Info: No adjustment of spacing.
Package microtype Info: No adjustment of kerning.
Package microtype Info: Loading generic protrusion settings for font family
(microtype)             `LinLibertine_R.otf' (encoding: TU).
(microtype)             For optimal results, create family-specific settings.
(microtype)             See the microtype manual for details.

Underfull \hbox (badness 10000) in paragraph at lines 97--105

 []

Package marginnote Info: Margin note 1.1 is on absolute page 1 on input line 121.
Package marginnote Info: right page because not two side mode on input line 121.
Package marginnote Info: xpos seems to be 100.01144pt on input line 121.
Package marginnote Info: Margin note 1.2 is on absolute page 1 on input line 124.
Package marginnote Info: right page because not two side mode on input line 124.
Package marginnote Info: xpos seems to be 100.01144pt on input line 124.
Package marginnote Info: Margin note 1.3 is on absolute page 1 on input line 126.
Package marginnote Info: right page because not two side mode on input line 126.
Package marginnote Info: xpos seems to be 100.01144pt on input line 126.
Package marginnote Info: Margin note 1.4 is on absolute page 1 on input line 127.
Package marginnote Info: right page because not two side mode on input line 127.
Package marginnote Info: xpos seems to be 100.01144pt on input line 127.
Package marginnote Info: Margin note 1.5 is on absolute page 1 on input line 132.
Package marginnote Info: right page because not two side mode on input line 132.
Package marginnote Info: xpos seems to be 102.23132pt on input line 132.

Underfull \hbox (badness 10000) in paragraph at lines 131--133

 []

Package marginnote Info: Margin note 1.6 is on absolute page 2 on input line 136.
Package marginnote Info: right page because not two side mode on input line 136.
Package marginnote Info: xpos seems to be 100.01144pt on input line 136.
LaTeX Font Info:    Font shape `TU/LinLibertine_R.otf(0)/m/sl' in size <12> not available
(Font)              Font shape `TU/LinLibertine_R.otf(0)/m/it' tried instead on input line 136.

Package fancyhdr Warning: \headheight is too small (12.0pt): 
(fancyhdr)                Make it at least 14.49998pt, for example:
(fancyhdr)                \setlength{\headheight}{14.49998pt}.
(fancyhdr)                You might also make \topmargin smaller to compensate:
(fancyhdr)                \addtolength{\topmargin}{-2.49998pt}.

[1

]
Package marginnote Info: Margin note 2.1 is on absolute page 2 on input line 137.
Package marginnote Info: right page because not two side mode on input line 137.
Package marginnote Info: xpos seems to be 100.01144pt on input line 137.
Package marginnote Info: Margin note 2.2 is on absolute page 2 on input line 138.
Package marginnote Info: right page because not two side mode on input line 138.
Package marginnote Info: xpos seems to be 100.01144pt on input line 138.
Package marginnote Info: Margin note 2.3 is on absolute page 2 on input line 139.
Package marginnote Info: right page because not two side mode on input line 139.
Package marginnote Info: xpos seems to be 100.01144pt on input line 139.
Package marginnote Info: Margin note 2.4 is on absolute page 2 on input line 143.
Package marginnote Info: right page because not two side mode on input line 143.
Package marginnote Info: xpos seems to be 100.01144pt on input line 143.

Overfull \hbox (5.45541pt too wide) in paragraph at lines 136--145
|[]\TU/LinLibertine_R.otf(0)/m/n/12 Carson, Tate. 2018. “A More Perfect Union: Composition with Audience-Controlled
 []

Package marginnote Info: Margin note 2.5 is on absolute page 2 on input line 149.
Package marginnote Info: right page because not two side mode on input line 149.
Package marginnote Info: xpos seems to be 100.01144pt on input line 149.

Overfull \hbox (2.07803pt too wide) in paragraph at lines 149--150
\TU/LinLibertine_R.otf(0)/m/n/12 ativity.” Talk presented at the 2023 ATMI/CMS National Conference, Miami, Florida. 
 []

Package marginnote Info: Margin note 2.6 is on absolute page 2 on input line 153.
Package marginnote Info: right page because not two side mode on input line 153.
Package marginnote Info: xpos seems to be 100.01144pt on input line 153.

Overfull \hbox (0.99002pt too wide) in paragraph at lines 153--154
\TU/LinLibertine_R.otf(0)/m/n/12 “A more perfect union: Composition with audience-controlled smartphone speaker
 []

Package marginnote Info: Margin note 2.7 is on absolute page 2 on input line 156.
Package marginnote Info: right page because not two side mode on input line 156.
Package marginnote Info: xpos seems to be 100.01144pt on input line 156.
Package marginnote Info: Margin note 2.8 is on absolute page 3 on input line 162.
Package marginnote Info: right page because not two side mode on input line 162.
Package marginnote Info: xpos seems to be 100.01144pt on input line 162.

Package fancyhdr Warning: \headheight is too small (12.0pt): 
(fancyhdr)                Make it at least 14.49998pt, for example:
(fancyhdr)                \setlength{\headheight}{14.49998pt}.
(fancyhdr)                You might also make \topmargin smaller to compensate:
(fancyhdr)                \addtolength{\topmargin}{-2.49998pt}.

[2]
Package marginnote Info: Margin note 3.1 is on absolute page 3 on input line 163.
Package marginnote Info: right page because not two side mode on input line 163.
Package marginnote Info: xpos seems to be 100.01144pt on input line 163.

Package fontspec Info: Font family 'LinLibertine_R.otf(1)' created for font
(fontspec)             'LinLibertine_R.otf' with options
(fontspec)             [Mapping=tex-text,Ligatures=TeX,Ligatures={Common},Numbers={OldStyle},Variant=01,BoldFont=LinLibertine_RB.otf,ItalicFont=LinLibertine_RI.otf,BoldItalicFont=LinLibertine_RBI.otf,VerticalPosition=Superior].
(fontspec)              
(fontspec)              This font family consists of the following NFSS
(fontspec)             series/shapes:
(fontspec)              
(fontspec)             - 'normal' (m/n) with NFSS spec.:
(fontspec)             <->"[LinLibertine_R.otf]/OT:script=latn;language=dflt;+liga;+onum;+ss01;+sups;mapping=tex-text;"
(fontspec)             - 'small caps'  (m/sc) with NFSS spec.:
(fontspec)             <->"[LinLibertine_R.otf]/OT:script=latn;language=dflt;+liga;+onum;+ss01;+sups;+smcp;mapping=tex-text;"
(fontspec)             - 'bold' (b/n) with NFSS spec.:
(fontspec)             <->"[LinLibertine_RB.otf]/OT:script=latn;language=dflt;+liga;+onum;+ss01;+sups;mapping=tex-text;"
(fontspec)             - 'bold small caps'  (b/sc) with NFSS spec.:
(fontspec)             <->"[LinLibertine_RB.otf]/OT:script=latn;language=dflt;+liga;+onum;+ss01;+sups;+smcp;mapping=tex-text;"
(fontspec)             - 'italic' (m/it) with NFSS spec.:
(fontspec)             <->"[LinLibertine_RI.otf]/OT:script=latn;language=dflt;+liga;+onum;+ss01;+sups;mapping=tex-text;"
(fontspec)             - 'italic small caps'  (m/scit) with NFSS spec.:
(fontspec)             <->"[LinLibertine_RI.otf]/OT:script=latn;language=dflt;+liga;+onum;+ss01;+sups;+smcp;mapping=tex-text;"
(fontspec)             - 'bold italic' (b/it) with NFSS spec.:
(fontspec)             <->"[LinLibertine_RBI.otf]/OT:script=latn;language=dflt;+liga;+onum;+ss01;+sups;mapping=tex-text;"
(fontspec)             - 'bold italic small caps'  (b/scit) with NFSS spec.:
(fontspec)             <->"[LinLibertine_RBI.otf]/OT:script=latn;language=dflt;+liga;+onum;+ss01;+sups;+smcp;mapping=tex-text;"

Package marginnote Info: Margin note 3.2 is on absolute page 3 on input line 167.
Package marginnote Info: right page because not two side mode on input line 167.
Package marginnote Info: xpos seems to be 100.01144pt on input line 167.
Package marginnote Info: Margin note 3.3 is on absolute page 3 on input line 173.
Package marginnote Info: right page because not two side mode on input line 173.
Package marginnote Info: xpos seems to be 100.01144pt on input line 173.
Package marginnote Info: Margin note 3.4 is on absolute page 3 on input line 179.
Package marginnote Info: right page because not two side mode on input line 179.
Package marginnote Info: xpos seems to be 100.01144pt on input line 179.

Overfull \hbox (4.05907pt too wide) in paragraph at lines 179--184
\TU/LinLibertine_R.otf(0)/m/n/12 Overview of \TU/LinLibertine_R.otf(0)/m/it/12 Resonant Landscapes\TU/LinLibertine_R.otf(0)/m/n/12 , highlighting the project’s experimental approach
 []

Package marginnote Info: Margin note 3.5 is on absolute page 3 on input line 188.
Package marginnote Info: right page because not two side mode on input line 188.
Package marginnote Info: xpos seems to be 100.01144pt on input line 188.
Package marginnote Info: Margin note 3.6 is on absolute page 3 on input line 189.
Package marginnote Info: right page because not two side mode on input line 189.
Package marginnote Info: xpos seems to be 100.01144pt on input line 189.
Package marginnote Info: Margin note 3.7 is on absolute page 3 on input line 190.
Package marginnote Info: right page because not two side mode on input line 190.
Package marginnote Info: xpos seems to be 100.01144pt on input line 190.
Package marginnote Info: Margin note 3.8 is on absolute page 3 on input line 191.
Package marginnote Info: right page because not two side mode on input line 191.
Package marginnote Info: xpos seems to be 100.01144pt on input line 191.
Package marginnote Info: Margin note 3.9 is on absolute page 4 on input line 192.
Package marginnote Info: right page because not two side mode on input line 192.
Package marginnote Info: xpos seems to be 100.01144pt on input line 192.

Underfull \hbox (badness 10000) in paragraph at lines 188--193

 []


Package fancyhdr Warning: \headheight is too small (12.0pt): 
(fancyhdr)                Make it at least 14.49998pt, for example:
(fancyhdr)                \setlength{\headheight}{14.49998pt}.
(fancyhdr)                You might also make \topmargin smaller to compensate:
(fancyhdr)                \addtolength{\topmargin}{-2.49998pt}.

[3]
Package marginnote Info: Margin note 4.1 is on absolute page 4 on input line 196.
Package marginnote Info: right page because not two side mode on input line 196.
Package marginnote Info: xpos seems to be 100.01144pt on input line 196.
Package marginnote Info: Margin note 4.2 is on absolute page 4 on input line 198.
Package marginnote Info: right page because not two side mode on input line 198.
Package marginnote Info: xpos seems to be 100.01144pt on input line 198.
Package marginnote Info: Margin note 4.3 is on absolute page 4 on input line 202.
Package marginnote Info: right page because not two side mode on input line 202.
Package marginnote Info: xpos seems to be 100.01144pt on input line 202.
Package marginnote Info: Margin note 4.4 is on absolute page 4 on input line 213.
Package marginnote Info: right page because not two side mode on input line 213.
Package marginnote Info: xpos seems to be 100.01144pt on input line 213.
Package marginnote Info: Margin note 4.5 is on absolute page 4 on input line 232.
Package marginnote Info: right page because not two side mode on input line 232.
Package marginnote Info: xpos seems to be 100.01144pt on input line 232.

Underfull \hbox (badness 10000) in paragraph at lines 196--239

 []

Package marginnote Info: Margin note 4.6 is on absolute page 5 on input line 243.
Package marginnote Info: right page because not two side mode on input line 243.
Package marginnote Info: xpos seems to be 100.01144pt on input line 243.

Package fancyhdr Warning: \headheight is too small (12.0pt): 
(fancyhdr)                Make it at least 14.49998pt, for example:
(fancyhdr)                \setlength{\headheight}{14.49998pt}.
(fancyhdr)                You might also make \topmargin smaller to compensate:
(fancyhdr)                \addtolength{\topmargin}{-2.49998pt}.

[4]
Package marginnote Info: Margin note 5.1 is on absolute page 5 on input line 244.
Package marginnote Info: right page because not two side mode on input line 244.
Package marginnote Info: xpos seems to be 100.01144pt on input line 244.
Package marginnote Info: Margin note 5.2 is on absolute page 5 on input line 246.
Package marginnote Info: right page because not two side mode on input line 246.
Package marginnote Info: xpos seems to be 100.01144pt on input line 246.
Package marginnote Info: Margin note 5.3 is on absolute page 5 on input line 247.
Package marginnote Info: right page because not two side mode on input line 247.
Package marginnote Info: xpos seems to be 100.01144pt on input line 247.

Overfull \hbox (58.15105pt too wide) in paragraph at lines 243--248
|[]\TU/LinLibertine_R.otf(0)/m/it/12 immaterial.cloud\TU/LinLibertine_R.otf(0)/m/n/12 , New Interfaces for Musical Expression, online at https://nime2020.bcu.ac.uk/,
 []


Overfull \hbox (16.62703pt too wide) in paragraph at lines 243--248
\TU/LinLibertine_R.otf(0)/m/it/12 immaterial.cloud\TU/LinLibertine_R.otf(0)/m/n/12 , Network Music Festival, online at https://networkmusicfestival.org/,
 []


Overfull \hbox (0.94336pt too wide) in paragraph at lines 243--248
|[]\TU/LinLibertine_R.otf(0)/m/it/12 A more perfect union\TU/LinLibertine_R.otf(0)/m/n/12 , Web Audio Conference, Technical University of Berlin; Berlin,
 []

Package marginnote Info: Margin note 5.4 is on absolute page 5 on input line 250.
Package marginnote Info: right page because not two side mode on input line 250.
Package marginnote Info: xpos seems to be 100.01144pt on input line 250.
Package marginnote Info: Margin note 5.5 is on absolute page 5 on input line 251.
Package marginnote Info: right page because not two side mode on input line 251.
Package marginnote Info: xpos seems to be 100.01144pt on input line 251.
Package marginnote Info: Margin note 5.6 is on absolute page 5 on input line 252.
Package marginnote Info: right page because not two side mode on input line 252.
Package marginnote Info: xpos seems to be 100.01144pt on input line 252.
Package marginnote Info: Margin note 5.7 is on absolute page 5 on input line 257.
Package marginnote Info: right page because not two side mode on input line 257.
Package marginnote Info: xpos seems to be 100.01144pt on input line 257.
Package marginnote Info: Margin note 5.8 is on absolute page 5 on input line 263.
Package marginnote Info: right page because not two side mode on input line 263.
Package marginnote Info: xpos seems to be 100.01144pt on input line 263.
Package marginnote Info: Margin note 5.9 is on absolute page 6 on input line 270.
Package marginnote Info: right page because not two side mode on input line 270.
Package marginnote Info: xpos seems to be 100.01144pt on input line 270.

Overfull \hbox (5.3764pt too wide) in paragraph at lines 250--271
|[]\TU/LinLibertine_R.otf(0)/m/it/12 And the water receded\TU/LinLibertine_R.otf(0)/m/n/12 , New Music on the Bayou, Ruston Artisans; Ruston, Louisiana;
 []


Overfull \hbox (0.31503pt too wide) in paragraph at lines 250--271
\TU/LinLibertine_R.otf(0)/m/it/12 Laptop As Dwelling\TU/LinLibertine_R.otf(0)/m/n/12 , California Electronic Music Exchange Concert – CalArts, April
 []


Underfull \hbox (badness 10000) in paragraph at lines 250--271

 []


Package fancyhdr Warning: \headheight is too small (12.0pt): 
(fancyhdr)                Make it at least 14.49998pt, for example:
(fancyhdr)                \setlength{\headheight}{14.49998pt}.
(fancyhdr)                You might also make \topmargin smaller to compensate:
(fancyhdr)                \addtolength{\topmargin}{-2.49998pt}.

[5]
Package marginnote Info: Margin note 6.1 is on absolute page 6 on input line 275.
Package marginnote Info: right page because not two side mode on input line 275.
Package marginnote Info: xpos seems to be 100.01144pt on input line 275.
Package marginnote Info: Margin note 6.2 is on absolute page 6 on input line 277.
Package marginnote Info: right page because not two side mode on input line 277.
Package marginnote Info: xpos seems to be 100.01144pt on input line 277.
Package marginnote Info: Margin note 6.3 is on absolute page 6 on input line 279.
Package marginnote Info: right page because not two side mode on input line 279.
Package marginnote Info: xpos seems to be 100.01144pt on input line 279.
Package marginnote Info: Margin note 6.4 is on absolute page 6 on input line 281.
Package marginnote Info: right page because not two side mode on input line 281.
Package marginnote Info: xpos seems to be 100.01144pt on input line 281.
Package marginnote Info: Margin note 6.5 is on absolute page 6 on input line 291.
Package marginnote Info: right page because not two side mode on input line 291.
Package marginnote Info: xpos seems to be 100.01144pt on input line 291.

Underfull \hbox (badness 10000) in paragraph at lines 292--301

 []


Package fancyhdr Warning: \headheight is too small (12.0pt): 
(fancyhdr)                Make it at least 14.49998pt, for example:
(fancyhdr)                \setlength{\headheight}{14.49998pt}.
(fancyhdr)                You might also make \topmargin smaller to compensate:
(fancyhdr)                \addtolength{\topmargin}{-2.49998pt}.

[6]
Package marginnote Info: Margin note 7.1 is on absolute page 7 on input line 304.
Package marginnote Info: right page because not two side mode on input line 304.
Package marginnote Info: xpos seems to be 100.01144pt on input line 304.
Package marginnote Info: Margin note 7.2 is on absolute page 7 on input line 305.
Package marginnote Info: right page because not two side mode on input line 305.
Package marginnote Info: xpos seems to be 100.01144pt on input line 305.
Package marginnote Info: Margin note 7.3 is on absolute page 7 on input line 306.
Package marginnote Info: right page because not two side mode on input line 306.
Package marginnote Info: xpos seems to be 100.01144pt on input line 306.

Underfull \hbox (badness 10000) in paragraph at lines 304--307

 []

Package marginnote Info: Margin note 7.4 is on absolute page 7 on input line 311.
Package marginnote Info: right page because not two side mode on input line 311.
Package marginnote Info: xpos seems to be 100.01144pt on input line 311.
Package marginnote Info: Margin note 7.5 is on absolute page 7 on input line 312.
Package marginnote Info: right page because not two side mode on input line 312.
Package marginnote Info: xpos seems to be 364.73723pt on input line 312.
Package marginnote Info: Margin note 7.6 is on absolute page 7 on input line 315.
Package marginnote Info: right page because not two side mode on input line 315.
Package marginnote Info: xpos seems to be 100.01144pt on input line 315.
Package marginnote Info: Margin note 7.7 is on absolute page 7 on input line 316.
Package marginnote Info: right page because not two side mode on input line 316.
Package marginnote Info: xpos seems to be 100.01144pt on input line 316.
Package marginnote Info: Margin note 7.8 is on absolute page 7 on input line 317.
Package marginnote Info: right page because not two side mode on input line 317.
Package marginnote Info: xpos seems to be 100.01144pt on input line 317.
Package marginnote Info: Margin note 7.9 is on absolute page 7 on input line 321.
Package marginnote Info: right page because not two side mode on input line 321.
Package marginnote Info: xpos seems to be 100.01144pt on input line 321.
Package marginnote Info: Margin note 7.10 is on absolute page 7 on input line 322.
Package marginnote Info: right page because not two side mode on input line 322.
Package marginnote Info: xpos seems to be 100.01144pt on input line 322.
Package marginnote Info: Margin note 7.11 is on absolute page 7 on input line 323.
Package marginnote Info: right page because not two side mode on input line 323.
Package marginnote Info: xpos seems to be 100.01144pt on input line 323.
Package marginnote Info: Margin note 7.12 is on absolute page 7 on input line 324.
Package marginnote Info: right page because not two side mode on input line 324.
Package marginnote Info: xpos seems to be 100.01144pt on input line 324.
Package marginnote Info: Margin note 7.13 is on absolute page 7 on input line 325.
Package marginnote Info: right page because not two side mode on input line 325.
Package marginnote Info: xpos seems to be 100.01144pt on input line 325.

Underfull \hbox (badness 10000) in paragraph at lines 321--326

 []

Package marginnote Info: Margin note 7.14 is on absolute page 7 on input line 331.
Package marginnote Info: right page because not two side mode on input line 331.
Package marginnote Info: xpos seems to be 100.01144pt on input line 331.
Package marginnote Info: Margin note 7.15 is on absolute page 7 on input line 332.
Package marginnote Info: right page because not two side mode on input line 332.
Package marginnote Info: xpos seems to be 100.01144pt on input line 332.

Overfull \hbox (13.86703pt too wide) in paragraph at lines 331--333
\TU/LinLibertine_R.otf(0)/m/n/12 NexusUI: Web Audio Interfaces – developer and maintainer [][]https://github.com/nexus-
 []


Underfull \hbox (badness 10000) in paragraph at lines 331--333

 []


Package fancyhdr Warning: \headheight is too small (12.0pt): 
(fancyhdr)                Make it at least 14.49998pt, for example:
(fancyhdr)                \setlength{\headheight}{14.49998pt}.
(fancyhdr)                You might also make \topmargin smaller to compensate:
(fancyhdr)                \addtolength{\topmargin}{-2.49998pt}.

[7]
Package marginnote Info: Margin note 8.1 is on absolute page 8 on input line 339.
Package marginnote Info: right page because not two side mode on input line 339.
Package marginnote Info: xpos seems to be 100.01144pt on input line 339.
Package marginnote Info: Margin note 8.2 is on absolute page 8 on input line 340.
Package marginnote Info: right page because not two side mode on input line 340.
Package marginnote Info: xpos seems to be 100.01144pt on input line 340.

Underfull \hbox (badness 10000) in paragraph at lines 339--342

 []


Overfull \hbox (2.81903pt too wide) in paragraph at lines 343--343
[][]\TU/LinLibertine_R.otf(0)/m/sc/12 Select performances of creative improvisation compositions (New Orleans,
 []

Package marginnote Info: Margin note 8.3 is on absolute page 8 on input line 344.
Package marginnote Info: right page because not two side mode on input line 344.
Package marginnote Info: xpos seems to be 100.01144pt on input line 344.
Package marginnote Info: Margin note 8.4 is on absolute page 8 on input line 346.
Package marginnote Info: right page because not two side mode on input line 346.
Package marginnote Info: xpos seems to be 100.01144pt on input line 346.
Package marginnote Info: Margin note 8.5 is on absolute page 8 on input line 349.
Package marginnote Info: right page because not two side mode on input line 349.
Package marginnote Info: xpos seems to be 100.01144pt on input line 349.
Package marginnote Info: Margin note 8.6 is on absolute page 8 on input line 355.
Package marginnote Info: right page because not two side mode on input line 355.
Package marginnote Info: xpos seems to be 100.01144pt on input line 355.

Underfull \hbox (badness 10000) in paragraph at lines 344--360

 []

Package marginnote Info: Margin note 8.7 is on absolute page 8 on input line 362.
Package marginnote Info: right page because not two side mode on input line 362.
Package marginnote Info: xpos seems to be 100.01144pt on input line 362.
Package marginnote Info: Margin note 8.8 is on absolute page 8 on input line 363.
Package marginnote Info: right page because not two side mode on input line 363.
Package marginnote Info: xpos seems to be 100.01144pt on input line 363.
Package marginnote Info: Margin note 8.9 is on absolute page 8 on input line 364.
Package marginnote Info: right page because not two side mode on input line 364.
Package marginnote Info: xpos seems to be 100.01144pt on input line 364.
Package marginnote Info: Margin note 8.10 is on absolute page 8 on input line 365.
Package marginnote Info: right page because not two side mode on input line 365.
Package marginnote Info: xpos seems to be 100.01144pt on input line 365.

Underfull \hbox (badness 10000) in paragraph at lines 362--366

 []

Package marginnote Info: Margin note 8.11 is on absolute page 8 on input line 367.
Package marginnote Info: right page because not two side mode on input line 367.
Package marginnote Info: xpos seems to be 100.01144pt on input line 367.
Package marginnote Info: Margin note 8.12 is on absolute page 8 on input line 368.
Package marginnote Info: right page because not two side mode on input line 368.
Package marginnote Info: xpos seems to be 100.01144pt on input line 368.

Underfull \hbox (badness 10000) in paragraph at lines 367--369

 []

Package marginnote Info: Margin note 8.13 is on absolute page 9 on input line 371.
Package marginnote Info: right page because not two side mode on input line 371.
Package marginnote Info: xpos seems to be 100.01144pt on input line 371.

Package fancyhdr Warning: \headheight is too small (12.0pt): 
(fancyhdr)                Make it at least 14.49998pt, for example:
(fancyhdr)                \setlength{\headheight}{14.49998pt}.
(fancyhdr)                You might also make \topmargin smaller to compensate:
(fancyhdr)                \addtolength{\topmargin}{-2.49998pt}.

[8]
Package marginnote Info: Margin note 9.1 is on absolute page 9 on input line 372.
Package marginnote Info: right page because not two side mode on input line 372.
Package marginnote Info: xpos seems to be 100.01144pt on input line 372.
Package marginnote Info: Margin note 9.2 is on absolute page 9 on input line 373.
Package marginnote Info: right page because not two side mode on input line 373.
Package marginnote Info: xpos seems to be 100.01144pt on input line 373.

Underfull \hbox (badness 10000) in paragraph at lines 371--374

 []

Package marginnote Info: Margin note 9.3 is on absolute page 9 on input line 376.
Package marginnote Info: right page because not two side mode on input line 376.
Package marginnote Info: xpos seems to be 100.01144pt on input line 376.
Package marginnote Info: Margin note 9.4 is on absolute page 9 on input line 377.
Package marginnote Info: right page because not two side mode on input line 377.
Package marginnote Info: xpos seems to be 100.01144pt on input line 377.
Package marginnote Info: Margin note 9.5 is on absolute page 9 on input line 378.
Package marginnote Info: right page because not two side mode on input line 378.
Package marginnote Info: xpos seems to be 100.01144pt on input line 378.

Underfull \hbox (badness 10000) in paragraph at lines 376--379

 []

Package marginnote Info: Margin note 9.6 is on absolute page 9 on input line 389.
Package marginnote Info: right page because not two side mode on input line 389.
Package marginnote Info: xpos seems to be 100.01144pt on input line 389.
Package marginnote Info: Margin note 9.7 is on absolute page 9 on input line 390.
Package marginnote Info: right page because not two side mode on input line 390.
Package marginnote Info: xpos seems to be 100.01144pt on input line 390.

Underfull \hbox (badness 10000) in paragraph at lines 395--396

 []


Underfull \hbox (badness 10000) in paragraph at lines 398--399

 []


Package fancyhdr Warning: \headheight is too small (12.0pt): 
(fancyhdr)                Make it at least 14.49998pt, for example:
(fancyhdr)                \setlength{\headheight}{14.49998pt}.
(fancyhdr)                You might also make \topmargin smaller to compensate:
(fancyhdr)                \addtolength{\topmargin}{-2.49998pt}.

[9] 
enddocument/afterlastpage: lastpage setting LastPage.
(./Carson.CV.aux)
Package rerunfilecheck Info: File `Carson.CV.out' has not changed.
(rerunfilecheck)             Checksum: D41D8CD98F00B204E9800998ECF8427E;0.
 ) 
Here is how much of TeX's memory you used:
 17380 strings out of 476683
 329660 string characters out of 5804047
 1858018 words of memory out of 5000000
 37416 multiletter control sequences out of 15000+600000
 513580 words of font info for 59 fonts, out of 8000000 for 9000
 1348 hyphenation exceptions out of 8191
 72i,12n,100p,1047b,335s stack positions out of 10000i,1000n,20000p,200000b,200000s

Output written on Carson.CV.pdf (9 pages).
